Flow Summary report for pipelined_mips
Tue Jun 06 15:08:29 2017
Quartus II 64-Bit Version 13.0.0 Build 156 04/24/2013 SJ Full Version


---------------------
; Table of Contents ;
---------------------
  1. Legal Notice
  2. Flow Summary



----------------
; Legal Notice ;
----------------
Copyright (C) 1991-2013 Altera Corporation
Your use of Altera Corporation's design tools, logic functions 
and other software and tools, and its AMPP partner logic 
functions, and any output files from any of the foregoing 
(including device programming or simulation files), and any 
associated documentation or information are expressly subject 
to the terms and conditions of the Altera Program License 
Subscription Agreement, Altera MegaCore Function License 
Agreement, or other applicable license agreement, including, 
without limitation, that your use is for the sole purpose of 
programming logic devices manufactured by Altera and sold by 
Altera or its authorized distributors.  Please refer to the 
applicable agreement for further details.



+----------------------------------------------------------------------------------+
; Flow Summary                                                                     ;
+------------------------------------+---------------------------------------------+
; Flow Status                        ; Successful - Tue Jun 06 15:02:10 2017       ;
; Quartus II 64-Bit Version          ; 13.0.0 Build 156 04/24/2013 SJ Full Version ;
; Revision Name                      ; pipelined_mips                              ;
; Top-level Entity Name              ; pipelined_mips                              ;
; Family                             ; Cyclone II                                  ;
; Device                             ; EP2C35F672C8                                ;
; Timing Models                      ; Final                                       ;
; Total logic elements               ; 20,360 / 33,216 ( 61 % )                    ;
;     Total combinational functions  ; 13,849 / 33,216 ( 42 % )                    ;
;     Dedicated logic registers      ; 15,583 / 33,216 ( 47 % )                    ;
; Total registers                    ; 15583                                       ;
; Total pins                         ; 131 / 475 ( 28 % )                          ;
; Total virtual pins                 ; 0                                           ;
; Total memory bits                  ; 132,195 / 483,840 ( 27 % )                  ;
; Embedded Multiplier 9-bit elements ; 0 / 70 ( 0 % )                              ;
; Total PLLs                         ; 0 / 4 ( 0 % )                               ;
+------------------------------------+---------------------------------------------+


